2025-07-06 04:23:43,457 - __main__ - INFO - Initializing BrainID Neural Authentication System...
2025-07-06 04:23:43,527 - __main__ - ERROR - Missing packages: flask, flask-socketio, numpy, scipy, websocket-client, scikit-learn, matplotlib, pandas, cryptography
2025-07-06 04:23:43,528 - __main__ - INFO - Install them with: pip install flask flask-socketio numpy scipy websocket-client scikit-learn matplotlib pandas cryptography
2025-07-06 04:23:43,528 - __main__ - INFO - Attempting to install missing dependencies...
2025-07-06 04:23:43,528 - __main__ - INFO - Installing dependencies from requirements.txt...
2025-07-06 04:23:49,757 - __main__ - ERROR - Failed to install dependencies: Command '['C:\\Users\\yagiz\\.platformio\\penv\\Scripts\\python.exe', '-m', 'pip', 'install', '-r', 'C:\\Users\\yagiz\\Documents\\BrainID\\brain_auth_backend\\requirements.txt']' returned non-zero exit status 1.
2025-07-06 04:23:49,758 - __main__ - ERROR - Failed to install dependencies. Please install manually.
2025-07-06 04:24:29,254 - __main__ - INFO - Initializing BrainID Neural Authentication System...
2025-07-06 04:24:29,297 - __main__ - ERROR - Missing packages: flask, flask-socketio, numpy, scipy, websocket-client, scikit-learn, matplotlib, pandas, cryptography
2025-07-06 04:24:29,297 - __main__ - INFO - Install them with: pip install flask flask-socketio numpy scipy websocket-client scikit-learn matplotlib pandas cryptography
2025-07-06 04:24:29,297 - __main__ - INFO - Attempting to install missing dependencies...
2025-07-06 04:24:29,298 - __main__ - INFO - Installing dependencies from requirements.txt...
2025-07-06 04:24:34,088 - __main__ - ERROR - Failed to install dependencies: Command '['C:\\Users\\yagiz\\.platformio\\penv\\Scripts\\python.exe', '-m', 'pip', 'install', '-r', 'C:\\Users\\yagiz\\Documents\\BrainID\\brain_auth_backend\\requirements.txt']' returned non-zero exit status 1.
2025-07-06 04:24:34,089 - __main__ - ERROR - Failed to install dependencies. Please install manually.
2025-07-06 04:26:27,159 - __main__ - INFO - Initializing BrainID Neural Authentication System...
2025-07-06 04:26:27,192 - __main__ - ERROR - Missing packages: flask, flask-socketio, numpy, scipy, websocket-client, scikit-learn, matplotlib, pandas, cryptography
2025-07-06 04:26:27,192 - __main__ - INFO - Install them with: pip install flask flask-socketio numpy scipy websocket-client scikit-learn matplotlib pandas cryptography
2025-07-06 04:26:27,192 - __main__ - INFO - Attempting to install missing dependencies...
2025-07-06 04:26:27,193 - __main__ - INFO - Installing dependencies from requirements.txt...
2025-07-06 04:26:32,205 - __main__ - ERROR - Failed to install dependencies: Command '['C:\\Users\\yagiz\\.platformio\\penv\\Scripts\\python.exe', '-m', 'pip', 'install', '-r', 'C:\\Users\\yagiz\\Documents\\BrainID\\brain_auth_backend\\requirements.txt']' returned non-zero exit status 1.
2025-07-06 04:26:32,206 - __main__ - ERROR - Failed to install dependencies. Please install manually.
2025-07-06 04:37:10,918 - __main__ - INFO - Initializing BrainID Neural Authentication System...
2025-07-06 04:37:14,905 - __main__ - ERROR - Missing packages: websocket-client, scikit-learn
2025-07-06 04:37:14,905 - __main__ - INFO - Install them with: pip install websocket-client scikit-learn
2025-07-06 04:37:14,905 - __main__ - INFO - Attempting to install missing dependencies...
2025-07-06 04:37:14,906 - __main__ - INFO - Installing dependencies from requirements.txt...
2025-07-06 04:37:18,892 - __main__ - ERROR - Missing packages: websocket-client, scikit-learn
2025-07-06 04:37:18,892 - __main__ - INFO - Install them with: pip install websocket-client scikit-learn
2025-07-06 04:37:18,893 - __main__ - ERROR - Some dependencies are still missing after installation.
2025-07-06 04:37:44,937 - __main__ - INFO - Initializing BrainID Neural Authentication System...
2025-07-06 04:37:46,531 - __main__ - ERROR - Missing packages: websocket-client, scikit-learn
2025-07-06 04:37:46,531 - __main__ - INFO - Install them with: pip install websocket-client scikit-learn
2025-07-06 04:37:46,531 - __main__ - INFO - Attempting to install missing dependencies...
2025-07-06 04:37:46,531 - __main__ - INFO - Installing dependencies from requirements.txt...
2025-07-06 04:37:48,446 - __main__ - ERROR - Missing packages: websocket-client, scikit-learn
2025-07-06 04:37:48,446 - __main__ - INFO - Install them with: pip install websocket-client scikit-learn
2025-07-06 04:37:48,447 - __main__ - ERROR - Some dependencies are still missing after installation.
2025-07-06 04:38:38,680 - __main__ - INFO - Initializing BrainID Neural Authentication System...
2025-07-06 04:38:40,240 - __main__ - ERROR - Missing packages: websocket-client, scikit-learn
2025-07-06 04:38:40,240 - __main__ - INFO - Install them with: pip install websocket-client scikit-learn
2025-07-06 04:38:40,240 - __main__ - INFO - Attempting to install missing dependencies...
2025-07-06 04:38:40,240 - __main__ - INFO - Installing dependencies from requirements.txt...
2025-07-06 04:38:42,033 - __main__ - ERROR - Missing packages: websocket-client, scikit-learn
2025-07-06 04:38:42,033 - __main__ - INFO - Install them with: pip install websocket-client scikit-learn
2025-07-06 04:38:42,033 - __main__ - ERROR - Some dependencies are still missing after installation.
2025-07-06 04:48:04,312 - __main__ - INFO - Initializing BrainID Neural Authentication System...
2025-07-06 04:48:06,605 - __main__ - INFO - ESP32 connection will be configured through the web interface
2025-07-06 04:48:06,605 - __main__ - INFO - Make sure your ESP32 is:
2025-07-06 04:48:06,605 - __main__ - INFO -   1. Connected to the same WiFi network
2025-07-06 04:48:06,605 - __main__ - INFO -   2. Running the EEG acquisition firmware
2025-07-06 04:48:06,606 - __main__ - INFO -   3. Displaying its IP address in the serial monitor
2025-07-06 04:48:06,606 - __main__ - INFO - ================================================================================
2025-07-06 04:48:06,607 - __main__ - INFO - ================================================================================
2025-07-06 04:48:06,607 - __main__ - INFO - Starting BrainID Neural Authentication System...
2025-07-06 04:48:06,607 - __main__ - INFO - Server will be available at: http://localhost:5000
2025-07-06 04:48:06,607 - __main__ - INFO - Press Ctrl+C to stop the server
2025-07-06 04:48:08,043 - brain_auth_server - INFO - BrainAuth processor initialized: 200 samples, 8 channels
